[0mCompiling "target/cljsbuild/public/js/app.js" from ["src/cljs" "src/cljc" "env/dev/cljs"]...[0m
[36m----  Compiler Warning on   src/cljs/lineal/linear.cljs   line:10  column:22  ----[0m

  [1mUse of undeclared Var lineal.linear/count-columns[0m

  [36m 6[0m  [36m(defn get-columns [m][0m
  [36m 7[0m  [36m  (for [column m] column))[0m
  [36m 8[0m  [36m[0m
  [36m 9[0m  [36m(defn get-rows [m][0m
  [33m10[0m  [1m  (let [num-columns (count-columns m)[0m
  [0m  [0m  [33m                     ^--- Use of undeclared Var lineal.linear/count-columns[0m
  [36m11[0m  [36m        num-rows (count-rows m)][0m
  [36m12[0m  [36m    (for [rn (range num-rows)][0m
  [36m13[0m  [36m      (for [column m] (get column rn)))))[0m
  [36m14[0m  [36m[0m
  [36m15[0m  [36m(defn m*[0m

[36m----  Compiler Warning : Please see src/cljs/lineal/linear.cljs  ----[0m
[36m----  Compiler Warning on   src/cljs/lineal/linear.cljs   line:11  column:19  ----[0m

  [1mUse of undeclared Var lineal.linear/count-rows[0m

  [36m 7[0m  [36m  (for [column m] column))[0m
  [36m 8[0m  [36m[0m
  [36m 9[0m  [36m(defn get-rows [m][0m
  [36m10[0m  [36m  (let [num-columns (count-columns m)[0m
  [33m11[0m  [1m        num-rows (count-rows m)][0m
  [0m  [0m  [33m                  ^--- Use of undeclared Var lineal.linear/count-rows[0m
  [36m12[0m  [36m    (for [rn (range num-rows)][0m
  [36m13[0m  [36m      (for [column m] (get column rn)))))[0m
  [36m14[0m  [36m[0m
  [36m15[0m  [36m(defn m*[0m
  [36m16[0m  [36m  "If A = (a_{ij}) is an m x n matrix and B = (b_{ij}) is an n*r matrix then the product AB = C = (c_{ij}) is the m x r matrix whose entries are defined by c_{ij} = a(i,:)b_j = the sum of all a_{ik}b_{kj} entries from k=1 to n."[0m

[36m----  Compiler Warning : Please see src/cljs/lineal/linear.cljs  ----[0m
[32mSuccessfully compiled "target/cljsbuild/public/js/app.js" in 0.67 seconds.[0m
notifying browser that file changed:  target/cljsbuild/public/js/out/goog/deps.js
notifying browser that file changed:  target/cljsbuild/public/js/out/cljs_deps.js
notifying browser that file changed:  target/cljsbuild/public/js/out/lineal/linear.js
[0mCompiling "target/cljsbuild/public/js/app.js" from ["src/cljs" "src/cljc" "env/dev/cljs"]...[0m
[32mSuccessfully compiled "target/cljsbuild/public/js/app.js" in 0.509 seconds.[0m
notifying browser that file changed:  target/cljsbuild/public/js/out/lineal/linear.js
[0mCompiling "target/cljsbuild/public/js/app.js" from ["src/cljs" "src/cljc" "env/dev/cljs"]...[0m
[32mSuccessfully compiled "target/cljsbuild/public/js/app.js" in 0.4 seconds.[0m
notifying browser that file changed:  target/cljsbuild/public/js/out/cljs_deps.js
notifying browser that file changed:  target/cljsbuild/public/js/out/lineal/core.js
[0mCompiling "target/cljsbuild/public/js/app.js" from ["src/cljs" "src/cljc" "env/dev/cljs"]...[0m
[32mSuccessfully compiled "target/cljsbuild/public/js/app.js" in 0.38 seconds.[0m
notifying browser that file changed:  target/cljsbuild/public/js/out/lineal/core.js
[0mCompiling "target/cljsbuild/public/js/app.js" from ["src/cljs" "src/cljc" "env/dev/cljs"]...[0m
[32mSuccessfully compiled "target/cljsbuild/public/js/app.js" in 0.393 seconds.[0m
notifying browser that file changed:  target/cljsbuild/public/js/out/lineal/core.js
[0mCompiling "target/cljsbuild/public/js/app.js" from ["src/cljs" "src/cljc" "env/dev/cljs"]...[0m
[32mSuccessfully compiled "target/cljsbuild/public/js/app.js" in 0.389 seconds.[0m
notifying browser that file changed:  target/cljsbuild/public/js/out/lineal/core.js
[0mCompiling "target/cljsbuild/public/js/app.js" from ["src/cljs" "src/cljc" "env/dev/cljs"]...[0m
[32mSuccessfully compiled "target/cljsbuild/public/js/app.js" in 0.33 seconds.[0m
notifying browser that file changed:  target/cljsbuild/public/js/out/lineal/core.js
[0mCompiling "target/cljsbuild/public/js/app.js" from ["src/cljs" "src/cljc" "env/dev/cljs"]...[0m
[32mSuccessfully compiled "target/cljsbuild/public/js/app.js" in 0.332 seconds.[0m
notifying browser that file changed:  target/cljsbuild/public/js/out/lineal/core.js
[0mCompiling "target/cljsbuild/public/js/app.js" from ["src/cljs" "src/cljc" "env/dev/cljs"]...[0m
[32mSuccessfully compiled "target/cljsbuild/public/js/app.js" in 0.334 seconds.[0m
notifying browser that file changed:  target/cljsbuild/public/js/out/lineal/core.js
Notifying browser that CSS file changed: resources/public/css/style.css
Notifying browser that CSS file changed: resources/public/css/style.css
[0mCompiling "target/cljsbuild/public/js/app.js" from ["src/cljs" "src/cljc" "env/dev/cljs"]...[0m
[32mSuccessfully compiled "target/cljsbuild/public/js/app.js" in 0.676 seconds.[0m
notifying browser that file changed:  target/cljsbuild/public/js/out/goog/deps.js
notifying browser that file changed:  target/cljsbuild/public/js/out/cljs_deps.js
notifying browser that file changed:  target/cljsbuild/public/js/out/lineal/core.js
[0mCompiling "target/cljsbuild/public/js/app.js" from ["src/cljs" "src/cljc" "env/dev/cljs"]...[0m
[32mSuccessfully compiled "target/cljsbuild/public/js/app.js" in 0.681 seconds.[0m
notifying browser that file changed:  target/cljsbuild/public/js/out/lineal/core.js
[0mCompiling "target/cljsbuild/public/js/app.js" from ["src/cljs" "src/cljc" "env/dev/cljs"]...[0m
[32mSuccessfully compiled "target/cljsbuild/public/js/app.js" in 0.513 seconds.[0m
notifying browser that file changed:  target/cljsbuild/public/js/out/lineal/core.js
[0mCompiling "target/cljsbuild/public/js/app.js" from ["src/cljs" "src/cljc" "env/dev/cljs"]...[0m
[32mSuccessfully compiled "target/cljsbuild/public/js/app.js" in 0.444 seconds.[0m
notifying browser that file changed:  target/cljsbuild/public/js/out/lineal/core.js
[0mCompiling "target/cljsbuild/public/js/app.js" from ["src/cljs" "src/cljc" "env/dev/cljs"]...[0m
[32mSuccessfully compiled "target/cljsbuild/public/js/app.js" in 0.451 seconds.[0m
notifying browser that file changed:  target/cljsbuild/public/js/out/lineal/core.js
[0mCompiling "target/cljsbuild/public/js/app.js" from ["src/cljs" "src/cljc" "env/dev/cljs"]...[0m
[32mSuccessfully compiled "target/cljsbuild/public/js/app.js" in 0.387 seconds.[0m
notifying browser that file changed:  target/cljsbuild/public/js/out/lineal/core.js
[0mCompiling "target/cljsbuild/public/js/app.js" from ["src/cljs" "src/cljc" "env/dev/cljs"]...[0m
[32mSuccessfully compiled "target/cljsbuild/public/js/app.js" in 0.398 seconds.[0m
notifying browser that file changed:  target/cljsbuild/public/js/out/lineal/core.js
[0mCompiling "target/cljsbuild/public/js/app.js" from ["src/cljs" "src/cljc" "env/dev/cljs"]...[0m
[32mSuccessfully compiled "target/cljsbuild/public/js/app.js" in 0.386 seconds.[0m
notifying browser that file changed:  target/cljsbuild/public/js/out/lineal/core.js
[0mCompiling "target/cljsbuild/public/js/app.js" from ["src/cljs" "src/cljc" "env/dev/cljs"]...[0m
[31mFailed to compile "target/cljsbuild/public/js/app.js" in 0.217 seconds.[0m
[36m----  Could not Read  src/cljs/lineal/core.cljs   line:49 ----[0m

  [1m/home/torysa/Documents/School/Mathematics/lineal/src/cljs/lineal/core.cljs [line 49, col 28] The map literal starting with :id on line 47 column 15 contains 5 form(s). Map literals must contain an even number of forms.[0m

  [36m47[0m  [36m [:input {:id "A-x"[0m
  [36m48[0m  [36m          :type "number"[0m
  [33m49[0m  [1m          :on-change }]][0m
  [0m  [0m  [33m          /home/torysa/Documents/School/Mathematics/lineal/src/cljs/lineal/core.cljs [line 49, col 28] The map literal starting with :id on line 47 column 15 contains 5 form(s). Map literals must contain an even number of forms.[0m
  [36m50[0m  [36m[:div.row[0m
  [36m51[0m  [36m [:label {:for "A-x"} "Columns"][0m
  [36m52[0m  [36m [:input {:id "A-y"[0m

[36m----  Reader Error : Please see src/cljs/lineal/core.cljs  ----[0m
[0mCompiling "target/cljsbuild/public/js/app.js" from ["src/cljs" "src/cljc" "env/dev/cljs"]...[0m
[32mSuccessfully compiled "target/cljsbuild/public/js/app.js" in 0.369 seconds.[0m
notifying browser that file changed:  target/cljsbuild/public/js/out/lineal/core.js
[0mCompiling "target/cljsbuild/public/js/app.js" from ["src/cljs" "src/cljc" "env/dev/cljs"]...[0m
[32mSuccessfully compiled "target/cljsbuild/public/js/app.js" in 0.367 seconds.[0m
notifying browser that file changed:  target/cljsbuild/public/js/out/lineal/core.js
[0mCompiling "target/cljsbuild/public/js/app.js" from ["src/cljs" "src/cljc" "env/dev/cljs"]...[0m
[32mSuccessfully compiled "target/cljsbuild/public/js/app.js" in 0.365 seconds.[0m
notifying browser that file changed:  target/cljsbuild/public/js/out/lineal/core.js
Notifying browser that CSS file changed: resources/public/css/style.css
Notifying browser that CSS file changed: resources/public/css/style.css
Notifying browser that CSS file changed: resources/public/css/style.css
Notifying browser that CSS file changed: resources/public/css/style.css
Notifying browser that CSS file changed: resources/public/css/style.css
Notifying browser that CSS file changed: resources/public/css/style.css
Notifying browser that CSS file changed: resources/public/css/style.css
Notifying browser that CSS file changed: resources/public/css/style.css
[0mCompiling "target/cljsbuild/public/js/app.js" from ["src/cljs" "src/cljc" "env/dev/cljs"]...[0m
[32mSuccessfully compiled "target/cljsbuild/public/js/app.js" in 0.42 seconds.[0m
notifying browser that file changed:  target/cljsbuild/public/js/out/lineal/core.js
[0mCompiling "target/cljsbuild/public/js/app.js" from ["src/cljs" "src/cljc" "env/dev/cljs"]...[0m
[32mSuccessfully compiled "target/cljsbuild/public/js/app.js" in 0.487 seconds.[0m
notifying browser that file changed:  target/cljsbuild/public/js/out/lineal/core.js
[0mCompiling "target/cljsbuild/public/js/app.js" from ["src/cljs" "src/cljc" "env/dev/cljs"]...[0m
[32mSuccessfully compiled "target/cljsbuild/public/js/app.js" in 0.376 seconds.[0m
notifying browser that file changed:  target/cljsbuild/public/js/out/lineal/core.js
[0mCompiling "target/cljsbuild/public/js/app.js" from ["src/cljs" "src/cljc" "env/dev/cljs"]...[0m
[32mSuccessfully compiled "target/cljsbuild/public/js/app.js" in 0.355 seconds.[0m
notifying browser that file changed:  target/cljsbuild/public/js/out/lineal/core.js
[0mCompiling "target/cljsbuild/public/js/app.js" from ["src/cljs" "src/cljc" "env/dev/cljs"]...[0m
[32mSuccessfully compiled "target/cljsbuild/public/js/app.js" in 0.345 seconds.[0m
notifying browser that file changed:  target/cljsbuild/public/js/out/lineal/core.js
Notifying browser that CSS file changed: resources/public/css/style.css
Notifying browser that CSS file changed: resources/public/css/style.css
Notifying browser that CSS file changed: resources/public/css/style.css
[0mCompiling "target/cljsbuild/public/js/app.js" from ["src/cljs" "src/cljc" "env/dev/cljs"]...[0m
[32mSuccessfully compiled "target/cljsbuild/public/js/app.js" in 0.343 seconds.[0m
notifying browser that file changed:  target/cljsbuild/public/js/out/lineal/core.js
[0mCompiling "target/cljsbuild/public/js/app.js" from ["src/cljs" "src/cljc" "env/dev/cljs"]...[0m
[32mSuccessfully compiled "target/cljsbuild/public/js/app.js" in 0.312 seconds.[0m
notifying browser that file changed:  target/cljsbuild/public/js/out/lineal/core.js
[0mCompiling "target/cljsbuild/public/js/app.js" from ["src/cljs" "src/cljc" "env/dev/cljs"]...[0m
[32mSuccessfully compiled "target/cljsbuild/public/js/app.js" in 0.37 seconds.[0m
notifying browser that file changed:  target/cljsbuild/public/js/out/lineal/core.js
[0mCompiling "target/cljsbuild/public/js/app.js" from ["src/cljs" "src/cljc" "env/dev/cljs"]...[0m
[32mSuccessfully compiled "target/cljsbuild/public/js/app.js" in 0.322 seconds.[0m
notifying browser that file changed:  target/cljsbuild/public/js/out/lineal/core.js
[0mCompiling "target/cljsbuild/public/js/app.js" from ["src/cljs" "src/cljc" "env/dev/cljs"]...[0m
[32mSuccessfully compiled "target/cljsbuild/public/js/app.js" in 0.381 seconds.[0m
notifying browser that file changed:  target/cljsbuild/public/js/out/lineal/core.js
[0mCompiling "target/cljsbuild/public/js/app.js" from ["src/cljs" "src/cljc" "env/dev/cljs"]...[0m
[32mSuccessfully compiled "target/cljsbuild/public/js/app.js" in 0.351 seconds.[0m
notifying browser that file changed:  target/cljsbuild/public/js/out/lineal/core.js
[0mCompiling "target/cljsbuild/public/js/app.js" from ["src/cljs" "src/cljc" "env/dev/cljs"]...[0m
[32mSuccessfully compiled "target/cljsbuild/public/js/app.js" in 0.32 seconds.[0m
notifying browser that file changed:  target/cljsbuild/public/js/out/lineal/core.js
[0mCompiling "target/cljsbuild/public/js/app.js" from ["src/cljs" "src/cljc" "env/dev/cljs"]...[0m
[32mSuccessfully compiled "target/cljsbuild/public/js/app.js" in 0.308 seconds.[0m
notifying browser that file changed:  target/cljsbuild/public/js/out/lineal/core.js
[0mCompiling "target/cljsbuild/public/js/app.js" from ["src/cljs" "src/cljc" "env/dev/cljs"]...[0m
[32mSuccessfully compiled "target/cljsbuild/public/js/app.js" in 0.403 seconds.[0m
notifying browser that file changed:  target/cljsbuild/public/js/out/lineal/linear.js
[0mCompiling "target/cljsbuild/public/js/app.js" from ["src/cljs" "src/cljc" "env/dev/cljs"]...[0m
[32mSuccessfully compiled "target/cljsbuild/public/js/app.js" in 0.326 seconds.[0m
notifying browser that file changed:  target/cljsbuild/public/js/out/lineal/core.js
[0mCompiling "target/cljsbuild/public/js/app.js" from ["src/cljs" "src/cljc" "env/dev/cljs"]...[0m
[32mSuccessfully compiled "target/cljsbuild/public/js/app.js" in 0.308 seconds.[0m
notifying browser that file changed:  target/cljsbuild/public/js/out/lineal/core.js
[0mCompiling "target/cljsbuild/public/js/app.js" from ["src/cljs" "src/cljc" "env/dev/cljs"]...[0m
[32mSuccessfully compiled "target/cljsbuild/public/js/app.js" in 0.303 seconds.[0m
notifying browser that file changed:  target/cljsbuild/public/js/out/lineal/core.js
Notifying browser that CSS file changed: resources/public/css/style.css
[0mCompiling "target/cljsbuild/public/js/app.js" from ["src/cljs" "src/cljc" "env/dev/cljs"]...[0m
[32mSuccessfully compiled "target/cljsbuild/public/js/app.js" in 0.346 seconds.[0m
notifying browser that file changed:  target/cljsbuild/public/js/out/lineal/core.js
[0mCompiling "target/cljsbuild/public/js/app.js" from ["src/cljs" "src/cljc" "env/dev/cljs"]...[0m
[32mSuccessfully compiled "target/cljsbuild/public/js/app.js" in 0.321 seconds.[0m
notifying browser that file changed:  target/cljsbuild/public/js/out/lineal/core.js
[0mCompiling "target/cljsbuild/public/js/app.js" from ["src/cljs" "src/cljc" "env/dev/cljs"]...[0m
[32mSuccessfully compiled "target/cljsbuild/public/js/app.js" in 0.338 seconds.[0m
notifying browser that file changed:  target/cljsbuild/public/js/out/lineal/core.js
[0mCompiling "target/cljsbuild/public/js/app.js" from ["src/cljs" "src/cljc" "env/dev/cljs"]...[0m
[32mSuccessfully compiled "target/cljsbuild/public/js/app.js" in 0.359 seconds.[0m
notifying browser that file changed:  target/cljsbuild/public/js/out/lineal/core.js
[0mCompiling "target/cljsbuild/public/js/app.js" from ["src/cljs" "src/cljc" "env/dev/cljs"]...[0m
[32mSuccessfully compiled "target/cljsbuild/public/js/app.js" in 0.31 seconds.[0m
notifying browser that file changed:  target/cljsbuild/public/js/out/lineal/core.js
[0mCompiling "target/cljsbuild/public/js/app.js" from ["src/cljs" "src/cljc" "env/dev/cljs"]...[0m
[32mSuccessfully compiled "target/cljsbuild/public/js/app.js" in 0.307 seconds.[0m
notifying browser that file changed:  target/cljsbuild/public/js/out/lineal/core.js
[0mCompiling "target/cljsbuild/public/js/app.js" from ["src/cljs" "src/cljc" "env/dev/cljs"]...[0m
[32mSuccessfully compiled "target/cljsbuild/public/js/app.js" in 0.366 seconds.[0m
notifying browser that file changed:  target/cljsbuild/public/js/out/lineal/core.js
[0mCompiling "target/cljsbuild/public/js/app.js" from ["src/cljs" "src/cljc" "env/dev/cljs"]...[0m
[32mSuccessfully compiled "target/cljsbuild/public/js/app.js" in 0.373 seconds.[0m
notifying browser that file changed:  target/cljsbuild/public/js/out/lineal/core.js
[0mCompiling "target/cljsbuild/public/js/app.js" from ["src/cljs" "src/cljc" "env/dev/cljs"]...[0m
[32mSuccessfully compiled "target/cljsbuild/public/js/app.js" in 0.322 seconds.[0m
notifying browser that file changed:  target/cljsbuild/public/js/out/lineal/core.js
[0mCompiling "target/cljsbuild/public/js/app.js" from ["src/cljs" "src/cljc" "env/dev/cljs"]...[0m
[32mSuccessfully compiled "target/cljsbuild/public/js/app.js" in 0.322 seconds.[0m
notifying browser that file changed:  target/cljsbuild/public/js/out/lineal/core.js
[0mCompiling "target/cljsbuild/public/js/app.js" from ["src/cljs" "src/cljc" "env/dev/cljs"]...[0m
[36m----  Compiler Warning on   src/cljs/lineal/core.cljs   line:58  column:85  ----[0m

  [1mWrong number of args (3) passed to lineal.core/edit-matrix[0m

  [36m54[0m  [36m             (into [:tr][0m
  [36m55[0m  [36m                   (for [[col-num item] (map-indexed vector row)] [:td[0m
  [36m56[0m  [36m                                                               [:input {:type "number"[0m
  [36m57[0m  [36m                                                                        :value item[0m
  [33m58[0m  [1m                                                                        :on-change #(edit-matrix row-num col-num (get-value %))[0m
  [0m  [0m  [33m                                                                                    ^--- Wrong number of args (3) passed to lineal.core/edit-matrix[0m
  [36m59[0m  [36m[0m
  [36m60[0m  [36m                                                                        }]]))))]))[0m
  [36m61[0m  [36m[0m
  [36m62[0m  [36m(defn render-matrix [M][0m
  [36m63[0m  [36m  (let [rows (la/get-rows M)][0m

[36m----  Compiler Warning : Please see src/cljs/lineal/core.cljs  ----[0m
[36m----  Compiler Warning on   src/cljs/lineal/core.cljs   line:58  column:85  ----[0m

  [1mWrong number of args (3) passed to lineal.core/edit-matrix[0m

  [36m54[0m  [36m             (into [:tr][0m
  [36m55[0m  [36m                   (for [[col-num item] (map-indexed vector row)] [:td[0m
  [36m56[0m  [36m                                                               [:input {:type "number"[0m
  [36m57[0m  [36m                                                                        :value item[0m
  [33m58[0m  [1m                                                                        :on-change #(edit-matrix row-num col-num (get-value %))[0m
  [0m  [0m  [33m                                                                                    ^--- Wrong number of args (3) passed to lineal.core/edit-matrix[0m
  [36m59[0m  [36m[0m
  [36m60[0m  [36m                                                                        }]]))))]))[0m
  [36m61[0m  [36m[0m
  [36m62[0m  [36m(defn render-matrix [M][0m
  [36m63[0m  [36m  (let [rows (la/get-rows M)][0m

[36m----  Compiler Warning : Please see src/cljs/lineal/core.cljs  ----[0m
[36m----  Compiler Warning on   src/cljs/lineal/core.cljs   line:58  column:85  ----[0m

  [1mWrong number of args (3) passed to lineal.core/edit-matrix[0m

  [36m54[0m  [36m             (into [:tr][0m
  [36m55[0m  [36m                   (for [[col-num item] (map-indexed vector row)] [:td[0m
  [36m56[0m  [36m                                                               [:input {:type "number"[0m
  [36m57[0m  [36m                                                                        :value item[0m
  [33m58[0m  [1m                                                                        :on-change #(edit-matrix row-num col-num (get-value %))[0m
  [0m  [0m  [33m                                                                                    ^--- Wrong number of args (3) passed to lineal.core/edit-matrix[0m
  [36m59[0m  [36m[0m
  [36m60[0m  [36m                                                                        }]]))))]))[0m
  [36m61[0m  [36m[0m
  [36m62[0m  [36m(defn render-matrix [M][0m
  [36m63[0m  [36m  (let [rows (la/get-rows M)][0m

[36m----  Compiler Warning : Please see src/cljs/lineal/core.cljs  ----[0m
[36m----  Compiler Warning on   src/cljs/lineal/core.cljs   line:58  column:85  ----[0m

  [1mWrong number of args (3) passed to lineal.core/edit-matrix[0m

  [36m54[0m  [36m             (into [:tr][0m
  [36m55[0m  [36m                   (for [[col-num item] (map-indexed vector row)] [:td[0m
  [36m56[0m  [36m                                                               [:input {:type "number"[0m
  [36m57[0m  [36m                                                                        :value item[0m
  [33m58[0m  [1m                                                                        :on-change #(edit-matrix row-num col-num (get-value %))[0m
  [0m  [0m  [33m                                                                                    ^--- Wrong number of args (3) passed to lineal.core/edit-matrix[0m
  [36m59[0m  [36m[0m
  [36m60[0m  [36m                                                                        }]]))))]))[0m
  [36m61[0m  [36m[0m
  [36m62[0m  [36m(defn render-matrix [M][0m
  [36m63[0m  [36m  (let [rows (la/get-rows M)][0m

[36m----  Compiler Warning : Please see src/cljs/lineal/core.cljs  ----[0m
[32mSuccessfully compiled "target/cljsbuild/public/js/app.js" in 0.467 seconds.[0m
notifying browser that file changed:  target/cljsbuild/public/js/out/lineal/core.js
[0mCompiling "target/cljsbuild/public/js/app.js" from ["src/cljs" "src/cljc" "env/dev/cljs"]...[0m
[32mSuccessfully compiled "target/cljsbuild/public/js/app.js" in 0.386 seconds.[0m
notifying browser that file changed:  target/cljsbuild/public/js/out/lineal/core.js
[0mCompiling "target/cljsbuild/public/js/app.js" from ["src/cljs" "src/cljc" "env/dev/cljs"]...[0m
[32mSuccessfully compiled "target/cljsbuild/public/js/app.js" in 0.408 seconds.[0m
notifying browser that file changed:  target/cljsbuild/public/js/out/lineal/core.js
[0mCompiling "target/cljsbuild/public/js/app.js" from ["src/cljs" "src/cljc" "env/dev/cljs"]...[0m
[32mSuccessfully compiled "target/cljsbuild/public/js/app.js" in 0.336 seconds.[0m
notifying browser that file changed:  target/cljsbuild/public/js/out/lineal/core.js
[0mCompiling "target/cljsbuild/public/js/app.js" from ["src/cljs" "src/cljc" "env/dev/cljs"]...[0m
[32mSuccessfully compiled "target/cljsbuild/public/js/app.js" in 0.356 seconds.[0m
notifying browser that file changed:  target/cljsbuild/public/js/out/lineal/core.js
[0mCompiling "target/cljsbuild/public/js/app.js" from ["src/cljs" "src/cljc" "env/dev/cljs"]...[0m
[32mSuccessfully compiled "target/cljsbuild/public/js/app.js" in 0.342 seconds.[0m
notifying browser that file changed:  target/cljsbuild/public/js/out/lineal/core.js
[0mCompiling "target/cljsbuild/public/js/app.js" from ["src/cljs" "src/cljc" "env/dev/cljs"]...[0m
[32mSuccessfully compiled "target/cljsbuild/public/js/app.js" in 0.336 seconds.[0m
notifying browser that file changed:  target/cljsbuild/public/js/out/lineal/core.js
Notifying browser that CSS file changed: resources/public/css/style.css
Notifying browser that CSS file changed: resources/public/css/style.css
Notifying browser that CSS file changed: resources/public/css/style.css
Notifying browser that CSS file changed: resources/public/css/style.css
Notifying browser that CSS file changed: resources/public/css/style.css
[0mCompiling "target/cljsbuild/public/js/app.js" from ["src/cljs" "src/cljc" "env/dev/cljs"]...[0m
[32mSuccessfully compiled "target/cljsbuild/public/js/app.js" in 0.439 seconds.[0m
notifying browser that file changed:  target/cljsbuild/public/js/out/lineal/core.js
[0mCompiling "target/cljsbuild/public/js/app.js" from ["src/cljs" "src/cljc" "env/dev/cljs"]...[0m
[32mSuccessfully compiled "target/cljsbuild/public/js/app.js" in 0.322 seconds.[0m
notifying browser that file changed:  target/cljsbuild/public/js/out/lineal/core.js
[0mCompiling "target/cljsbuild/public/js/app.js" from ["src/cljs" "src/cljc" "env/dev/cljs"]...[0m
[32mSuccessfully compiled "target/cljsbuild/public/js/app.js" in 0.36 seconds.[0m
notifying browser that file changed:  target/cljsbuild/public/js/out/lineal/core.js
[0mCompiling "target/cljsbuild/public/js/app.js" from ["src/cljs" "src/cljc" "env/dev/cljs"]...[0m
[32mSuccessfully compiled "target/cljsbuild/public/js/app.js" in 0.376 seconds.[0m
notifying browser that file changed:  target/cljsbuild/public/js/out/lineal/core.js
[0mCompiling "target/cljsbuild/public/js/app.js" from ["src/cljs" "src/cljc" "env/dev/cljs"]...[0m
[32mSuccessfully compiled "target/cljsbuild/public/js/app.js" in 0.345 seconds.[0m
notifying browser that file changed:  target/cljsbuild/public/js/out/lineal/core.js
[0mCompiling "target/cljsbuild/public/js/app.js" from ["src/cljs" "src/cljc" "env/dev/cljs"]...[0m
[32mSuccessfully compiled "target/cljsbuild/public/js/app.js" in 0.324 seconds.[0m
notifying browser that file changed:  target/cljsbuild/public/js/out/lineal/core.js
[0mCompiling "target/cljsbuild/public/js/app.js" from ["src/cljs" "src/cljc" "env/dev/cljs"]...[0m
[32mSuccessfully compiled "target/cljsbuild/public/js/app.js" in 0.331 seconds.[0m
notifying browser that file changed:  target/cljsbuild/public/js/out/lineal/core.js
